

Microchip MPLAB XC8 Assembler V2.05 build -831301201 
                                                                                               Sun Mar 31 02:05:29 2019

Microchip MPLAB XC8 C Compiler v2.05 (Free license) build 20181220022703 Og1 
     1                           	processor	18F4431
     2                           	fnconf	rparam,??,?,0
     3                           	opt	pw 120
     4                           	opt	flic
     5                           	psect	cinit,global,reloc=2,class=CODE,delta=1
     6                           	psect	cstackCOMRAM,global,class=COMRAM,space=1,delta=1,noexec
     7                           	psect	text0,global,reloc=2,class=CODE,delta=1
     8                           	psect	text1,global,reloc=2,class=CODE,delta=1
     9                           	psect	text2,global,reloc=2,class=CODE,delta=1
    10                           	psect	intcodelo,global,reloc=2,class=CODE,delta=1
    11                           	psect	intcode,global,reloc=2,class=CODE,delta=1
    12                           	psect	intcode_body,global,reloc=2,class=CODE,delta=1
    13                           	psect	intsave_regs,global,class=BIGRAM,space=1,delta=1,noexec
    14                           	psect	rparam,global,class=COMRAM,space=1,delta=1,noexec
    15                           	psect	temp,global,ovrld,common,class=COMRAM,space=1,delta=1
    16  0000                     
    17                           ; Version 2.05
    18                           ; Generated 20/12/2018 GMT
    19                           ; 
    20                           ; Copyright © 2018, Microchip Technology Inc. and its subsidiaries ("Microchip")
    21                           ; All rights reserved.
    22                           ; 
    23                           ; This software is developed by Microchip Technology Inc. and its subsidiaries ("Microch
      +                          ip").
    24                           ; 
    25                           ; Redistribution and use in source and binary forms, with or without modification, are
    26                           ; permitted provided that the following conditions are met:
    27                           ; 
    28                           ;     1. Redistributions of source code must retain the above copyright notice, this lis
      +                          t of
    29                           ;        conditions and the following disclaimer.
    30                           ; 
    31                           ;     2. Redistributions in binary form must reproduce the above copyright notice, this 
      +                          list
    32                           ;        of conditions and the following disclaimer in the documentation and/or other
    33                           ;        materials provided with the distribution.
    34                           ; 
    35                           ;     3. Microchip's name may not be used to endorse or promote products derived from th
      +                          is
    36                           ;        software without specific prior written permission.
    37                           ; 
    38                           ; THIS SOFTWARE IS PROVIDED BY MICROCHIP "AS IS" AND ANY EXPRESS OR IMPLIED WARRANTIES,
    39                           ; INCLUDING, BUT NOT LIMITED TO, THE IMPLIED WARRANTIES OF MERCHANTABILITY AND FITNESS F
      +                          OR
    40                           ; PURPOSE ARE DISCLAIMED.  IN NO EVENT SHALL MICROCHIP BE LIABLE FOR ANY DIRECT, INDIREC
      +                          T,
    41                           ; INCIDENTAL, SPECIAL, EXEMPLARY, OR CONSEQUENTIAL DAMAGES (INCLUDING BUT NOT LIMITED TO
    42                           ; PROCUREMENT OF SUBSTITUTE GOODS OR SERVICES; LOSS OF USE, DATA OR PROFITS; OR BUSINESS
    43                           ; INTERRUPTION) HOWSOEVER CAUSED AND ON ANY THEORY OF LIABILITY, WHETHER IN CONTRACT, ST
      +                          RICT
    44                           ; LIABILITY, OR TORT (INCLUDING NEGLIGENCE OR OTHERWISE) ARISING IN ANY WAY OUT OF THE U
      +                          SE OF
    45                           ; THIS SOFTWARE, EVEN IF ADVISED OF THE POSSIBILITY OF SUCH DAMAGE.
    46                           ; 
    47                           ; 
    48                           ; Code-generator required, PIC18F4431 Definitions
    49                           ; 
    50                           ; SFR Addresses
    51  0000                     _SPBRG1	set	4015
    52  0000                     _BAUDCONbits	set	4010
    53  0000                     _RCSTA1bits	set	4011
    54  0000                     _TXSTA1bits	set	4012
    55  0000                     _TRISCbits	set	3988
    56  0000                     _TRISBbits	set	3987
    57  0000                     _PORTBbits	set	3969
    58                           
    59                           ; #config settings
    60  0000                     
    61                           	psect	cinit
    62  000144                     __pcinit:
    63                           	opt callstack 0
    64  000144                     start_initialization:
    65                           	opt callstack 0
    66  000144                     __initialization:
    67                           	opt callstack 0
    68  000144                     end_of_initialization:
    69                           	opt callstack 0
    70  000144                     __end_of__initialization:
    71                           	opt callstack 0
    72  000144  9004               	bcf	int$flags,0,c	;clear compiler interrupt flag (level 1)
    73  000146  9204               	bcf	int$flags,1,c	;clear compiler interrupt flag (level 2)
    74  000148  0100               	movlb	0
    75  00014A  EF15  F000         	goto	_main	;jump to C main() function
    76                           
    77                           	psect	cstackCOMRAM
    78  000001                     __pcstackCOMRAM:
    79                           	opt callstack 0
    80  000001                     ??_low_isr:
    81  000001                     
    82                           ; 1 bytes @ 0x0
    83  000001                     	ds	1
    84  000002                     ??_main:
    85                           
    86                           ; 1 bytes @ 0x1
    87  000002                     	ds	2
    88                           
    89 ;;
    90 ;;Main: autosize = 0, tempsize = 2, incstack = 0, save=0
    91 ;;
    92 ;; *************** function _main *****************
    93 ;; Defined at:
    94 ;;		line 34 in file "main.c"
    95 ;; Parameters:    Size  Location     Type
    96 ;;		None
    97 ;; Auto vars:     Size  Location     Type
    98 ;;		None
    99 ;; Return value:  Size  Location     Type
   100 ;;                  1    wreg      void 
   101 ;; Registers used:
   102 ;;		wreg, status,2, cstack
   103 ;; Tracked objects:
   104 ;;		On entry : 0/0
   105 ;;		On exit  : 0/0
   106 ;;		Unchanged: 0/0
   107 ;; Data sizes:     COMRAM   BANK0   BANK1   BANK2
   108 ;;      Params:         0       0       0       0
   109 ;;      Locals:         0       0       0       0
   110 ;;      Temps:          2       0       0       0
   111 ;;      Totals:         2       0       0       0
   112 ;;Total ram usage:        2 bytes
   113 ;; Hardware stack levels required when called:    3
   114 ;; This function calls:
   115 ;;		_ConfigureOscillator
   116 ;;		_InitApp
   117 ;; This function is called by:
   118 ;;		Startup code after reset
   119 ;; This function uses a non-reentrant model
   120 ;;
   121                           
   122                           	psect	text0
   123  00002A                     __ptext0:
   124                           	opt callstack 0
   125  00002A                     _main:
   126                           	opt callstack 28
   127                           
   128                           ;main.c: 37:     ConfigureOscillator();
   129                           
   130                           ;incstack = 0
   131  00002A  ECA9  F000         	call	_ConfigureOscillator	;wreg free
   132                           
   133                           ;main.c: 40:     InitApp();
   134  00002E  EC94  F000         	call	_InitApp	;wreg free
   135  000032                     l728:
   136                           
   137                           ;main.c: 46:     {;main.c: 47:         PORTBbits.RB0 = 1;
   138  000032  8081               	bsf	3969,0,c	;volatile
   139                           
   140                           ;main.c: 48:         _delaywdt((unsigned long)((100)*(20000000L/4000.0)));
   141  000034  0E02               	movlw	2
   142  000036  6E03               	movwf	(??_main+1)& (0+255),c
   143  000038  0EE8               	movlw	232
   144  00003A  6E02               	movwf	??_main& (0+255),c
   145  00003C  0E52               	movlw	82
   146  00003E                     u17:
   147  00003E  0004               	clrwdt	
   148  000040  2EE8               	decfsz	wreg,f,c
   149  000042  D7FD               	bra	u17
   150  000044  2E02               	decfsz	??_main& (0+255),f,c
   151  000046  D7FB               	bra	u17
   152  000048  2E03               	decfsz	(??_main+1)& (0+255),f,c
   153  00004A  D7F9               	bra	u17
   154                           
   155                           ;main.c: 49:         _delaywdt((unsigned long)((100)*(20000000L/4000.0)));
   156  00004C  0E02               	movlw	2
   157  00004E  6E03               	movwf	(??_main+1)& (0+255),c
   158  000050  0EE8               	movlw	232
   159  000052  6E02               	movwf	??_main& (0+255),c
   160  000054  0E52               	movlw	82
   161  000056                     u27:
   162  000056  0004               	clrwdt	
   163  000058  2EE8               	decfsz	wreg,f,c
   164  00005A  D7FD               	bra	u27
   165  00005C  2E02               	decfsz	??_main& (0+255),f,c
   166  00005E  D7FB               	bra	u27
   167  000060  2E03               	decfsz	(??_main+1)& (0+255),f,c
   168  000062  D7F9               	bra	u27
   169                           
   170                           ;main.c: 50:         _delaywdt((unsigned long)((100)*(20000000L/4000.0)));
   171  000064  0E02               	movlw	2
   172  000066  6E03               	movwf	(??_main+1)& (0+255),c
   173  000068  0EE8               	movlw	232
   174  00006A  6E02               	movwf	??_main& (0+255),c
   175  00006C  0E52               	movlw	82
   176  00006E                     u37:
   177  00006E  0004               	clrwdt	
   178  000070  2EE8               	decfsz	wreg,f,c
   179  000072  D7FD               	bra	u37
   180  000074  2E02               	decfsz	??_main& (0+255),f,c
   181  000076  D7FB               	bra	u37
   182  000078  2E03               	decfsz	(??_main+1)& (0+255),f,c
   183  00007A  D7F9               	bra	u37
   184                           
   185                           ;main.c: 51:         _delaywdt((unsigned long)((100)*(20000000L/4000.0)));
   186  00007C  0E02               	movlw	2
   187  00007E  6E03               	movwf	(??_main+1)& (0+255),c
   188  000080  0EE8               	movlw	232
   189  000082  6E02               	movwf	??_main& (0+255),c
   190  000084  0E52               	movlw	82
   191  000086                     u47:
   192  000086  0004               	clrwdt	
   193  000088  2EE8               	decfsz	wreg,f,c
   194  00008A  D7FD               	bra	u47
   195  00008C  2E02               	decfsz	??_main& (0+255),f,c
   196  00008E  D7FB               	bra	u47
   197  000090  2E03               	decfsz	(??_main+1)& (0+255),f,c
   198  000092  D7F9               	bra	u47
   199                           
   200                           ;main.c: 52:         _delaywdt((unsigned long)((100)*(20000000L/4000.0)));
   201  000094  0E02               	movlw	2
   202  000096  6E03               	movwf	(??_main+1)& (0+255),c
   203  000098  0EE8               	movlw	232
   204  00009A  6E02               	movwf	??_main& (0+255),c
   205  00009C  0E52               	movlw	82
   206  00009E                     u57:
   207  00009E  0004               	clrwdt	
   208  0000A0  2EE8               	decfsz	wreg,f,c
   209  0000A2  D7FD               	bra	u57
   210  0000A4  2E02               	decfsz	??_main& (0+255),f,c
   211  0000A6  D7FB               	bra	u57
   212  0000A8  2E03               	decfsz	(??_main+1)& (0+255),f,c
   213  0000AA  D7F9               	bra	u57
   214                           
   215                           ;main.c: 54:         PORTBbits.RB0 = 0;
   216  0000AC  9081               	bcf	3969,0,c	;volatile
   217                           
   218                           ;main.c: 55:         _delaywdt((unsigned long)((100)*(20000000L/4000.0)));
   219  0000AE  0E02               	movlw	2
   220  0000B0  6E03               	movwf	(??_main+1)& (0+255),c
   221  0000B2  0EE8               	movlw	232
   222  0000B4  6E02               	movwf	??_main& (0+255),c
   223  0000B6  0E52               	movlw	82
   224  0000B8                     u67:
   225  0000B8  0004               	clrwdt	
   226  0000BA  2EE8               	decfsz	wreg,f,c
   227  0000BC  D7FD               	bra	u67
   228  0000BE  2E02               	decfsz	??_main& (0+255),f,c
   229  0000C0  D7FB               	bra	u67
   230  0000C2  2E03               	decfsz	(??_main+1)& (0+255),f,c
   231  0000C4  D7F9               	bra	u67
   232                           
   233                           ;main.c: 56:         _delaywdt((unsigned long)((100)*(20000000L/4000.0)));
   234  0000C6  0E02               	movlw	2
   235  0000C8  6E03               	movwf	(??_main+1)& (0+255),c
   236  0000CA  0EE8               	movlw	232
   237  0000CC  6E02               	movwf	??_main& (0+255),c
   238  0000CE  0E52               	movlw	82
   239  0000D0                     u77:
   240  0000D0  0004               	clrwdt	
   241  0000D2  2EE8               	decfsz	wreg,f,c
   242  0000D4  D7FD               	bra	u77
   243  0000D6  2E02               	decfsz	??_main& (0+255),f,c
   244  0000D8  D7FB               	bra	u77
   245  0000DA  2E03               	decfsz	(??_main+1)& (0+255),f,c
   246  0000DC  D7F9               	bra	u77
   247                           
   248                           ;main.c: 57:         _delaywdt((unsigned long)((100)*(20000000L/4000.0)));
   249  0000DE  0E02               	movlw	2
   250  0000E0  6E03               	movwf	(??_main+1)& (0+255),c
   251  0000E2  0EE8               	movlw	232
   252  0000E4  6E02               	movwf	??_main& (0+255),c
   253  0000E6  0E52               	movlw	82
   254  0000E8                     u87:
   255  0000E8  0004               	clrwdt	
   256  0000EA  2EE8               	decfsz	wreg,f,c
   257  0000EC  D7FD               	bra	u87
   258  0000EE  2E02               	decfsz	??_main& (0+255),f,c
   259  0000F0  D7FB               	bra	u87
   260  0000F2  2E03               	decfsz	(??_main+1)& (0+255),f,c
   261  0000F4  D7F9               	bra	u87
   262                           
   263                           ;main.c: 58:         _delaywdt((unsigned long)((100)*(20000000L/4000.0)));
   264  0000F6  0E02               	movlw	2
   265  0000F8  6E03               	movwf	(??_main+1)& (0+255),c
   266  0000FA  0EE8               	movlw	232
   267  0000FC  6E02               	movwf	??_main& (0+255),c
   268  0000FE  0E52               	movlw	82
   269  000100                     u97:
   270  000100  0004               	clrwdt	
   271  000102  2EE8               	decfsz	wreg,f,c
   272  000104  D7FD               	bra	u97
   273  000106  2E02               	decfsz	??_main& (0+255),f,c
   274  000108  D7FB               	bra	u97
   275  00010A  2E03               	decfsz	(??_main+1)& (0+255),f,c
   276  00010C  D7F9               	bra	u97
   277                           
   278                           ;main.c: 59:         _delaywdt((unsigned long)((100)*(20000000L/4000.0)));
   279  00010E  0E02               	movlw	2
   280  000110  6E03               	movwf	(??_main+1)& (0+255),c
   281  000112  0EE8               	movlw	232
   282  000114  6E02               	movwf	??_main& (0+255),c
   283  000116  0E52               	movlw	82
   284  000118                     u107:
   285  000118  0004               	clrwdt	
   286  00011A  2EE8               	decfsz	wreg,f,c
   287  00011C  D7FD               	bra	u107
   288  00011E  2E02               	decfsz	??_main& (0+255),f,c
   289  000120  D7FB               	bra	u107
   290  000122  2E03               	decfsz	(??_main+1)& (0+255),f,c
   291  000124  D7F9               	bra	u107
   292  000126  D785               	goto	l728
   293  000128                     __end_of_main:
   294                           	opt callstack 0
   295                           
   296 ;; *************** function _InitApp *****************
   297 ;; Defined at:
   298 ;;		line 28 in file "user.c"
   299 ;; Parameters:    Size  Location     Type
   300 ;;		None
   301 ;; Auto vars:     Size  Location     Type
   302 ;;		None
   303 ;; Return value:  Size  Location     Type
   304 ;;                  1    wreg      void 
   305 ;; Registers used:
   306 ;;		wreg, status,2
   307 ;; Tracked objects:
   308 ;;		On entry : 0/0
   309 ;;		On exit  : 0/0
   310 ;;		Unchanged: 0/0
   311 ;; Data sizes:     COMRAM   BANK0   BANK1   BANK2
   312 ;;      Params:         0       0       0       0
   313 ;;      Locals:         0       0       0       0
   314 ;;      Temps:          0       0       0       0
   315 ;;      Totals:         0       0       0       0
   316 ;;Total ram usage:        0 bytes
   317 ;; Hardware stack levels used:    1
   318 ;; Hardware stack levels required when called:    2
   319 ;; This function calls:
   320 ;;		Nothing
   321 ;; This function is called by:
   322 ;;		_main
   323 ;; This function uses a non-reentrant model
   324 ;;
   325                           
   326                           	psect	text1
   327  000128                     __ptext1:
   328                           	opt callstack 0
   329  000128                     _InitApp:
   330                           	opt callstack 28
   331                           
   332                           ;user.c: 33:     TRISBbits.TRISB0 = 0;
   333                           
   334                           ;incstack = 0
   335  000128  9093               	bcf	3987,0,c	;volatile
   336                           
   337                           ;user.c: 36:     TRISCbits.TRISC6 = 0;
   338  00012A  9C94               	bcf	3988,6,c	;volatile
   339                           
   340                           ;user.c: 37:     TRISCbits.TRISC7 = 1;
   341  00012C  8E94               	bsf	3988,7,c	;volatile
   342                           
   343                           ;user.c: 39:     TXSTA1bits.SYNC = 0;
   344  00012E  98AC               	bcf	4012,4,c	;volatile
   345                           
   346                           ;user.c: 40:     TXSTA1bits.TX9 = 0;
   347  000130  9CAC               	bcf	4012,6,c	;volatile
   348                           
   349                           ;user.c: 41:     TXSTA1bits.TXEN = 1;
   350  000132  8AAC               	bsf	4012,5,c	;volatile
   351                           
   352                           ;user.c: 43:     RCSTA1bits.RX9 = 0;
   353  000134  9CAB               	bcf	4011,6,c	;volatile
   354                           
   355                           ;user.c: 44:     RCSTA1bits.CREN = 1;
   356  000136  88AB               	bsf	4011,4,c	;volatile
   357                           
   358                           ;user.c: 45:     RCSTA1bits.SPEN = 1;
   359  000138  8EAB               	bsf	4011,7,c	;volatile
   360                           
   361                           ;user.c: 48:     BAUDCONbits.BRG16 = 0;
   362  00013A  96AA               	bcf	4010,3,c	;volatile
   363                           
   364                           ;user.c: 49:     TXSTA1bits.BRGH = 0;
   365  00013C  94AC               	bcf	4012,2,c	;volatile
   366                           
   367                           ;user.c: 50:     SPBRG1 = 51;
   368  00013E  0E33               	movlw	51
   369  000140  6EAF               	movwf	4015,c	;volatile
   370  000142  0012               	return		;funcret
   371  000144                     __end_of_InitApp:
   372                           	opt callstack 0
   373                           
   374 ;; *************** function _ConfigureOscillator *****************
   375 ;; Defined at:
   376 ;;		line 24 in file "system.c"
   377 ;; Parameters:    Size  Location     Type
   378 ;;		None
   379 ;; Auto vars:     Size  Location     Type
   380 ;;		None
   381 ;; Return value:  Size  Location     Type
   382 ;;                  1    wreg      void 
   383 ;; Registers used:
   384 ;;		None
   385 ;; Tracked objects:
   386 ;;		On entry : 0/0
   387 ;;		On exit  : 0/0
   388 ;;		Unchanged: 0/0
   389 ;; Data sizes:     COMRAM   BANK0   BANK1   BANK2
   390 ;;      Params:         0       0       0       0
   391 ;;      Locals:         0       0       0       0
   392 ;;      Temps:          0       0       0       0
   393 ;;      Totals:         0       0       0       0
   394 ;;Total ram usage:        0 bytes
   395 ;; Hardware stack levels used:    1
   396 ;; Hardware stack levels required when called:    2
   397 ;; This function calls:
   398 ;;		Nothing
   399 ;; This function is called by:
   400 ;;		_main
   401 ;; This function uses a non-reentrant model
   402 ;;
   403                           
   404                           	psect	text2
   405  000152                     __ptext2:
   406                           	opt callstack 0
   407  000152                     _ConfigureOscillator:
   408                           	opt callstack 28
   409                           
   410                           ;incstack = 0
   411  000152  0012               	return		;funcret
   412  000154                     __end_of_ConfigureOscillator:
   413                           	opt callstack 0
   414                           
   415 ;; *************** function _low_isr *****************
   416 ;; Defined at:
   417 ;;		line 67 in file "interrupts.c"
   418 ;; Parameters:    Size  Location     Type
   419 ;;		None
   420 ;; Auto vars:     Size  Location     Type
   421 ;;		None
   422 ;; Return value:  Size  Location     Type
   423 ;;                  1    wreg      void 
   424 ;; Registers used:
   425 ;;		None
   426 ;; Tracked objects:
   427 ;;		On entry : 0/0
   428 ;;		On exit  : 0/0
   429 ;;		Unchanged: 0/0
   430 ;; Data sizes:     COMRAM   BANK0   BANK1   BANK2
   431 ;;      Params:         0       0       0       0
   432 ;;      Locals:         0       0       0       0
   433 ;;      Temps:          1       0       0       0
   434 ;;      Totals:         1       0       0       0
   435 ;;Total ram usage:        1 bytes
   436 ;; Hardware stack levels used:    1
   437 ;; Hardware stack levels required when called:    1
   438 ;; This function calls:
   439 ;;		Nothing
   440 ;; This function is called by:
   441 ;;		Interrupt level 1
   442 ;; This function uses a non-reentrant model
   443 ;;
   444                           
   445                           	psect	intcodelo
   446  000018                     __pintcodelo:
   447                           	opt callstack 0
   448  000018                     _low_isr:
   449                           	opt callstack 28
   450                           
   451                           ;incstack = 0
   452  000018  8004               	bsf	btemp,0,c	;set compiler interrupt flag (level 1)
   453  00001A  CFE0 F001          	movff	bsr,??_low_isr
   454  00001E  C001  FFE0         	movff	??_low_isr,bsr
   455  000022  9004               	bcf	btemp,0,c	;clear compiler interrupt flag (level 1)
   456  000024  0010               	retfie	
   457  000026                     __end_of_low_isr:
   458                           	opt callstack 0
   459                           
   460 ;; *************** function _high_isr *****************
   461 ;; Defined at:
   462 ;;		line 27 in file "interrupts.c"
   463 ;; Parameters:    Size  Location     Type
   464 ;;		None
   465 ;; Auto vars:     Size  Location     Type
   466 ;;		None
   467 ;; Return value:  Size  Location     Type
   468 ;;                  1    wreg      void 
   469 ;; Registers used:
   470 ;;		None
   471 ;; Tracked objects:
   472 ;;		On entry : 0/0
   473 ;;		On exit  : 0/0
   474 ;;		Unchanged: 0/0
   475 ;; Data sizes:     COMRAM   BANK0   BANK1   BANK2
   476 ;;      Params:         0       0       0       0
   477 ;;      Locals:         0       0       0       0
   478 ;;      Temps:          0       0       0       0
   479 ;;      Totals:         0       0       0       0
   480 ;;Total ram usage:        0 bytes
   481 ;; Hardware stack levels used:    1
   482 ;; This function calls:
   483 ;;		Nothing
   484 ;; This function is called by:
   485 ;;		Interrupt level 2
   486 ;; This function uses a non-reentrant model
   487 ;;
   488                           
   489                           	psect	intcode
   490  000008                     __pintcode:
   491                           	opt callstack 0
   492  000008                     _high_isr:
   493                           	opt callstack 28
   494                           
   495                           ;incstack = 0
   496  000008  8204               	bsf	btemp,1,c	;set compiler interrupt flag (level 2)
   497  00000A  EFA7  F000         	goto	int_func
   498                           
   499                           	psect	intcode_body
   500  00014E                     __pintcode_body:
   501                           	opt callstack 28
   502  00014E                     int_func:
   503                           	opt callstack 28
   504  00014E  9204               	bcf	btemp,1,c	;clear compiler interrupt flag (level 2)
   505  000150  0011               	retfie		f
   506  000152                     __end_of_high_isr:
   507                           	opt callstack 0
   508  0000                     
   509                           	psect	rparam
   510  0000                     
   511                           	psect	temp
   512  000004                     btemp:
   513                           	opt callstack 0
   514  000004                     	ds	1
   515  0000                     int$flags	set	btemp
   516  0000                     wtemp8	set	btemp+1
   517  0000                     ttemp5	set	btemp+1
   518  0000                     ttemp6	set	btemp+4
   519  0000                     ttemp7	set	btemp+8
   520                           tosu	equ	0xFFF
   521                           tosh	equ	0xFFE
   522                           tosl	equ	0xFFD
   523                           stkptr	equ	0xFFC
   524                           pclatu	equ	0xFFB
   525                           pclath	equ	0xFFA
   526                           pcl	equ	0xFF9
   527                           tblptru	equ	0xFF8
   528                           tblptrh	equ	0xFF7
   529                           tblptrl	equ	0xFF6
   530                           tablat	equ	0xFF5
   531                           prodh	equ	0xFF4
   532                           prodl	equ	0xFF3
   533                           indf0	equ	0xFEF
   534                           postinc0	equ	0xFEE
   535                           postdec0	equ	0xFED
   536                           preinc0	equ	0xFEC
   537                           plusw0	equ	0xFEB
   538                           fsr0h	equ	0xFEA
   539                           fsr0l	equ	0xFE9
   540                           wreg	equ	0xFE8
   541                           indf1	equ	0xFE7
   542                           postinc1	equ	0xFE6
   543                           postdec1	equ	0xFE5
   544                           preinc1	equ	0xFE4
   545                           plusw1	equ	0xFE3
   546                           fsr1h	equ	0xFE2
   547                           fsr1l	equ	0xFE1
   548                           bsr	equ	0xFE0
   549                           indf2	equ	0xFDF
   550                           postinc2	equ	0xFDE
   551                           postdec2	equ	0xFDD
   552                           preinc2	equ	0xFDC
   553                           plusw2	equ	0xFDB
   554                           fsr2h	equ	0xFDA
   555                           fsr2l	equ	0xFD9
   556                           status	equ	0xFD8


Data Sizes:
    Strings     0
    Constant    0
    Data        0
    BSS         0
    Persistent  0
    Stack       0

Auto Spaces:
    Space          Size  Autos    Used
    COMRAM           94      3       3
    BANK0           160      0       0
    BANK1           256      0       0
    BANK2           256      0       0

Pointer List with Targets:

    None.

Critical Paths under _main in COMRAM

    None.

Critical Paths under _low_isr in COMRAM

    None.

Critical Paths under _high_isr in COMRAM

    None.

Critical Paths under _main in BANK0

    None.

Critical Paths under _low_isr in BANK0

    None.

Critical Paths under _high_isr in BANK0

    None.

Critical Paths under _main in BANK1

    None.

Critical Paths under _low_isr in BANK1

    None.

Critical Paths under _high_isr in BANK1

    None.

Critical Paths under _main in BANK2

    None.

Critical Paths under _low_isr in BANK2

    None.

Critical Paths under _high_isr in BANK2

    None.

Call Graph Tables:

 ---------------------------------------------------------------------------------
 (Depth) Function   	        Calls       Base Space   Used Autos Params    Refs
 ---------------------------------------------------------------------------------
 (0) _main                                                 2     2      0       0
                                              1 COMRAM     2     2      0
                _ConfigureOscillator
                            _InitApp
 ---------------------------------------------------------------------------------
 (1) _InitApp                                              0     0      0       0
 ---------------------------------------------------------------------------------
 (1) _ConfigureOscillator                                  0     0      0       0
 ---------------------------------------------------------------------------------
 Estimated maximum stack depth 1
 ---------------------------------------------------------------------------------
 (Depth) Function   	        Calls       Base Space   Used Autos Params    Refs
 ---------------------------------------------------------------------------------
 (2) _low_isr                                              1     1      0       0
                                              0 COMRAM     1     1      0
 ---------------------------------------------------------------------------------
 Estimated maximum stack depth 2
 ---------------------------------------------------------------------------------
 (Depth) Function   	        Calls       Base Space   Used Autos Params    Refs
 ---------------------------------------------------------------------------------
 (3) _high_isr                                             0     0      0       0
 ---------------------------------------------------------------------------------
 Estimated maximum stack depth 3
 ---------------------------------------------------------------------------------

 Call Graph Graphs:

 _main (ROOT)
   _ConfigureOscillator
   _InitApp

 _low_isr (ROOT)

 _high_isr (ROOT)

 Address spaces:
Name               Size   Autos  Total    Cost      Usage
BITCOMRAM           5E      0       0       0        0.0%
EEDATA             100      0       0       0        0.0%
NULL                 0      0       0       0        0.0%
CODE                 0      0       0       0        0.0%
COMRAM              5E      3       3       1        3.2%
STACK                0      0       0       2        0.0%
ABS                  0      0       0       3        0.0%
BITBANK0            A0      0       0       4        0.0%
BANK0               A0      0       0       5        0.0%
BITBANK1           100      0       0       6        0.0%
BANK1              100      0       0       7        0.0%
BITBANK2           100      0       0       8        0.0%
BANK2              100      0       0       9        0.0%
BIGRAM             2FF      0       0      10        0.0%
DATA                 0      0       0      11        0.0%
BITSFR               0      0       0     200        0.0%
SFR                  0      0       0     200        0.0%


Microchip Technology PIC18 Macro Assembler V2.05 build -831301201 
Symbol Table                                                                                   Sun Mar 31 02:05:29 2019

                          u17 003E                            u27 0056                            u37 006E  
                          u47 0086                            u57 009E                            u67 00B8  
                          u77 00D0                            u87 00E8                            u97 0100  
                          bsr 000FE0                  __CFG_CP0$OFF 000000                  __CFG_CP1$OFF 000000  
                __CFG_CP2$OFF 000000                  __CFG_CP3$OFF 000000                   __CFG_OSC$HS 000000  
                         l728 0032                  __CFG_CPB$OFF 000000                           u107 0118  
                __CFG_CPD$OFF 000000                           wreg 000FE8                    _TXSTA1bits 000FAC  
                __CFG_IESO$ON 000000                  __CFG_LVP$OFF 000000                 __CFG_FCMEN$ON 000000  
                        _main 002A                          btemp 0004                          start 0026  
               __CFG_MCLRE$ON 000000                  ___param_bank 000000               __end_of_InitApp 0144  
                       ?_main 0001           _ConfigureOscillator 0152                 __CFG_WRT0$OFF 000000  
               __CFG_WRT1$OFF 000000                 __CFG_WRT2$OFF 000000                 __CFG_WRT3$OFF 000000  
              __CFG_EBTR0$OFF 000000                __CFG_EBTR1$OFF 000000                __CFG_EBTR2$OFF 000000  
              __CFG_EBTR3$OFF 000000                 __CFG_WRTB$OFF 000000                 __CFG_WRTC$OFF 000000  
               __CFG_WRTD$OFF 000000                __CFG_EBTRB$OFF 000000               __end_of_low_isr 0026  
              __CFG_BOREN$OFF 000000                         ttemp5 0005                         ttemp6 0008  
                       ttemp7 000C                         wtemp8 0005          ?_ConfigureOscillator 0001  
             __initialization 0144                __CFG_HPOL$HIGH 000000                  __end_of_main 0128  
              __CFG_LPOL$HIGH 000000                        ??_main 0002                 __activetblptr 000000  
              __CFG_WDTEN$OFF 000000                        _SPBRG1 000FAF                __CFG_WINEN$OFF 000000  
                   ??_InitApp 0002         ??_ConfigureOscillator 0002                __CFG_SSPMX$RC7 000000  
            __end_of_high_isr 0152                __CFG_STVREN$ON 000000                     ??_low_isr 0001  
                  __accesstop 0060       __end_of__initialization 0144               __CFG_FLTAMX$RC1 000000  
               ___rparam_used 000001               __CFG_T1OSCMX$ON 000000                __pcstackCOMRAM 0001  
             __CFG_WDPS$32768 000000               __CFG_PWM4MX$RB5 000000                     ?_high_isr 0001  
             __CFG_PWMPIN$OFF 000000                       _InitApp 0128               __CFG_PWRTEN$OFF 000000  
                     __Hparam 0000                       __Lparam 0000                       __pcinit 0144  
                     __ramtop 0300                       __ptext0 002A                       __ptext1 0128  
                     __ptext2 0152                       _low_isr 0018                    ??_high_isr 0001  
              __pintcode_body 014E          end_of_initialization 0144                       int_func 014E  
                   _PORTBbits 000F81                     _TRISBbits 000F93                     _TRISCbits 000F94  
 __end_of_ConfigureOscillator 0154              __CFG_EXCLKMX$RC3 000000                   _BAUDCONbits 000FAA  
         start_initialization 0144             __size_of_high_isr 014A                      ?_InitApp 0001  
                   __pintcode 0008                   __pintcodelo 0018                      ?_low_isr 0001  
            __size_of_InitApp 001C                      __Hrparam 0000                      __Lrparam 0000  
            __size_of_low_isr 000E                      _high_isr 0008                 __size_of_main 00FE  
__size_of_ConfigureOscillator 0002                      int$flags 0004                      intlevel1 0000  
                    intlevel2 0000                    _RCSTA1bits 000FAB  
