

Microchip MPLAB XC8 Assembler V2.05 build -831301201 
                                                                                               Sat Mar 30 22:34:48 2019

Microchip MPLAB XC8 C Compiler v2.05 (Free license) build 20181220022703 Og1 
     1                           	processor	18F4431
     2                           	fnconf	rparam,??,?,0
     3                           	opt	pw 120
     4                           	opt	flic
     5                           	psect	cinit,global,reloc=2,class=CODE,delta=1
     6                           	psect	cstackCOMRAM,global,class=COMRAM,space=1,delta=1,noexec
     7                           	psect	text0,global,reloc=2,class=CODE,delta=1
     8                           	psect	text1,global,reloc=2,class=CODE,delta=1
     9                           	psect	text2,global,reloc=2,class=CODE,delta=1
    10                           	psect	intcodelo,global,reloc=2,class=CODE,delta=1
    11                           	psect	intcode,global,reloc=2,class=CODE,delta=1
    12                           	psect	intcode_body,global,reloc=2,class=CODE,delta=1
    13                           	psect	intsave_regs,global,class=BIGRAM,space=1,delta=1,noexec
    14                           	psect	rparam,global,class=COMRAM,space=1,delta=1,noexec
    15                           	psect	temp,global,ovrld,common,class=COMRAM,space=1,delta=1
    16  0000                     
    17                           ; Version 2.05
    18                           ; Generated 20/12/2018 GMT
    19                           ; 
    20                           ; Copyright © 2018, Microchip Technology Inc. and its subsidiaries ("Microchip")
    21                           ; All rights reserved.
    22                           ; 
    23                           ; This software is developed by Microchip Technology Inc. and its subsidiaries ("Microch
      +                          ip").
    24                           ; 
    25                           ; Redistribution and use in source and binary forms, with or without modification, are
    26                           ; permitted provided that the following conditions are met:
    27                           ; 
    28                           ;     1. Redistributions of source code must retain the above copyright notice, this lis
      +                          t of
    29                           ;        conditions and the following disclaimer.
    30                           ; 
    31                           ;     2. Redistributions in binary form must reproduce the above copyright notice, this 
      +                          list
    32                           ;        of conditions and the following disclaimer in the documentation and/or other
    33                           ;        materials provided with the distribution.
    34                           ; 
    35                           ;     3. Microchip's name may not be used to endorse or promote products derived from th
      +                          is
    36                           ;        software without specific prior written permission.
    37                           ; 
    38                           ; THIS SOFTWARE IS PROVIDED BY MICROCHIP "AS IS" AND ANY EXPRESS OR IMPLIED WARRANTIES,
    39                           ; INCLUDING, BUT NOT LIMITED TO, THE IMPLIED WARRANTIES OF MERCHANTABILITY AND FITNESS F
      +                          OR
    40                           ; PURPOSE ARE DISCLAIMED.  IN NO EVENT SHALL MICROCHIP BE LIABLE FOR ANY DIRECT, INDIREC
      +                          T,
    41                           ; INCIDENTAL, SPECIAL, EXEMPLARY, OR CONSEQUENTIAL DAMAGES (INCLUDING BUT NOT LIMITED TO
    42                           ; PROCUREMENT OF SUBSTITUTE GOODS OR SERVICES; LOSS OF USE, DATA OR PROFITS; OR BUSINESS
    43                           ; INTERRUPTION) HOWSOEVER CAUSED AND ON ANY THEORY OF LIABILITY, WHETHER IN CONTRACT, ST
      +                          RICT
    44                           ; LIABILITY, OR TORT (INCLUDING NEGLIGENCE OR OTHERWISE) ARISING IN ANY WAY OUT OF THE U
      +                          SE OF
    45                           ; THIS SOFTWARE, EVEN IF ADVISED OF THE POSSIBILITY OF SUCH DAMAGE.
    46                           ; 
    47                           ; 
    48                           ; Code-generator required, PIC18F4431 Definitions
    49                           ; 
    50                           ; SFR Addresses
    51  0000                     _TRISCbits	set	3988
    52  0000                     _TRISBbits	set	3987
    53  0000                     _PORTBbits	set	3969
    54  0000                     _SPBRG1	set	4015
    55  0000                     _BAUDCONbits	set	4010
    56  0000                     _RCSTA1bits	set	4011
    57  0000                     _TXSTA1bits	set	4012
    58  0000                     _OSCCONbits	set	4051
    59                           
    60                           ; #config settings
    61  0000                     
    62                           	psect	cinit
    63  00008C                     __pcinit:
    64                           	opt callstack 0
    65  00008C                     start_initialization:
    66                           	opt callstack 0
    67  00008C                     __initialization:
    68                           	opt callstack 0
    69  00008C                     end_of_initialization:
    70                           	opt callstack 0
    71  00008C                     __end_of__initialization:
    72                           	opt callstack 0
    73  00008C  9004               	bcf	int$flags,0,c	;clear compiler interrupt flag (level 1)
    74  00008E  9204               	bcf	int$flags,1,c	;clear compiler interrupt flag (level 2)
    75  000090  0100               	movlb	0
    76  000092  EF15  F000         	goto	_main	;jump to C main() function
    77                           
    78                           	psect	cstackCOMRAM
    79  000001                     __pcstackCOMRAM:
    80                           	opt callstack 0
    81  000001                     ??_low_isr:
    82  000001                     
    83                           ; 1 bytes @ 0x0
    84  000001                     	ds	1
    85  000002                     ??_main:
    86                           
    87                           ; 1 bytes @ 0x1
    88  000002                     	ds	2
    89                           
    90 ;;
    91 ;;Main: autosize = 0, tempsize = 2, incstack = 0, save=0
    92 ;;
    93 ;; *************** function _main *****************
    94 ;; Defined at:
    95 ;;		line 34 in file "main.c"
    96 ;; Parameters:    Size  Location     Type
    97 ;;		None
    98 ;; Auto vars:     Size  Location     Type
    99 ;;		None
   100 ;; Return value:  Size  Location     Type
   101 ;;                  1    wreg      void 
   102 ;; Registers used:
   103 ;;		wreg, status,2, cstack
   104 ;; Tracked objects:
   105 ;;		On entry : 0/0
   106 ;;		On exit  : 0/0
   107 ;;		Unchanged: 0/0
   108 ;; Data sizes:     COMRAM   BANK0   BANK1   BANK2
   109 ;;      Params:         0       0       0       0
   110 ;;      Locals:         0       0       0       0
   111 ;;      Temps:          2       0       0       0
   112 ;;      Totals:         2       0       0       0
   113 ;;Total ram usage:        2 bytes
   114 ;; Hardware stack levels required when called:    3
   115 ;; This function calls:
   116 ;;		_ConfigureOscillator
   117 ;;		_InitApp
   118 ;; This function is called by:
   119 ;;		Startup code after reset
   120 ;; This function uses a non-reentrant model
   121 ;;
   122                           
   123                           	psect	text0
   124  00002A                     __ptext0:
   125                           	opt callstack 0
   126  00002A                     _main:
   127                           	opt callstack 28
   128                           
   129                           ;main.c: 37:     ConfigureOscillator();
   130                           
   131                           ;incstack = 0
   132  00002A  EC4B  F000         	call	_ConfigureOscillator	;wreg free
   133                           
   134                           ;main.c: 40:     InitApp();
   135  00002E  EC38  F000         	call	_InitApp	;wreg free
   136  000032                     l735:
   137                           
   138                           ;main.c: 46:     {;main.c: 47:         PORTBbits.RB0 = 1;
   139  000032  8081               	bsf	3969,0,c	;volatile
   140                           
   141                           ;main.c: 48:         _delaywdt((unsigned long)((100)*(10000000L/4000.0)));
   142  000034  0E01               	movlw	1
   143  000036  6E03               	movwf	(??_main+1)& (0+255),c
   144  000038  0EF4               	movlw	244
   145  00003A  6E02               	movwf	??_main& (0+255),c
   146  00003C  0EA8               	movlw	168
   147  00003E                     u17:
   148  00003E  0004               	clrwdt	
   149  000040  2EE8               	decfsz	wreg,f,c
   150  000042  D7FD               	bra	u17
   151  000044  2E02               	decfsz	??_main& (0+255),f,c
   152  000046  D7FB               	bra	u17
   153  000048  2E03               	decfsz	(??_main+1)& (0+255),f,c
   154  00004A  D7F9               	bra	u17
   155  00004C  0004               	clrwdt	
   156  00004E  F000               	nop	
   157                           
   158                           ;main.c: 50:         PORTBbits.RB0 = 0;
   159  000050  9081               	bcf	3969,0,c	;volatile
   160                           
   161                           ;main.c: 51:         _delaywdt((unsigned long)((100)*(10000000L/4000.0)));
   162  000052  0E01               	movlw	1
   163  000054  6E03               	movwf	(??_main+1)& (0+255),c
   164  000056  0EF4               	movlw	244
   165  000058  6E02               	movwf	??_main& (0+255),c
   166  00005A  0EA8               	movlw	168
   167  00005C                     u27:
   168  00005C  0004               	clrwdt	
   169  00005E  2EE8               	decfsz	wreg,f,c
   170  000060  D7FD               	bra	u27
   171  000062  2E02               	decfsz	??_main& (0+255),f,c
   172  000064  D7FB               	bra	u27
   173  000066  2E03               	decfsz	(??_main+1)& (0+255),f,c
   174  000068  D7F9               	bra	u27
   175  00006A  0004               	clrwdt	
   176  00006C  F000               	nop	
   177  00006E  D7E1               	goto	l735
   178  000070                     __end_of_main:
   179                           	opt callstack 0
   180                           
   181 ;; *************** function _InitApp *****************
   182 ;; Defined at:
   183 ;;		line 28 in file "user.c"
   184 ;; Parameters:    Size  Location     Type
   185 ;;		None
   186 ;; Auto vars:     Size  Location     Type
   187 ;;		None
   188 ;; Return value:  Size  Location     Type
   189 ;;                  1    wreg      void 
   190 ;; Registers used:
   191 ;;		wreg, status,2
   192 ;; Tracked objects:
   193 ;;		On entry : 0/0
   194 ;;		On exit  : 0/0
   195 ;;		Unchanged: 0/0
   196 ;; Data sizes:     COMRAM   BANK0   BANK1   BANK2
   197 ;;      Params:         0       0       0       0
   198 ;;      Locals:         0       0       0       0
   199 ;;      Temps:          0       0       0       0
   200 ;;      Totals:         0       0       0       0
   201 ;;Total ram usage:        0 bytes
   202 ;; Hardware stack levels used:    1
   203 ;; Hardware stack levels required when called:    2
   204 ;; This function calls:
   205 ;;		Nothing
   206 ;; This function is called by:
   207 ;;		_main
   208 ;; This function uses a non-reentrant model
   209 ;;
   210                           
   211                           	psect	text1
   212  000070                     __ptext1:
   213                           	opt callstack 0
   214  000070                     _InitApp:
   215                           	opt callstack 28
   216                           
   217                           ;user.c: 33:     TRISBbits.TRISB0 = 0;
   218                           
   219                           ;incstack = 0
   220  000070  9093               	bcf	3987,0,c	;volatile
   221                           
   222                           ;user.c: 36:     TRISCbits.TRISC6 = 0;
   223  000072  9C94               	bcf	3988,6,c	;volatile
   224                           
   225                           ;user.c: 37:     TRISCbits.TRISC7 = 1;
   226  000074  8E94               	bsf	3988,7,c	;volatile
   227                           
   228                           ;user.c: 39:     TXSTA1bits.SYNC = 0;
   229  000076  98AC               	bcf	4012,4,c	;volatile
   230                           
   231                           ;user.c: 40:     TXSTA1bits.TX9 = 0;
   232  000078  9CAC               	bcf	4012,6,c	;volatile
   233                           
   234                           ;user.c: 41:     TXSTA1bits.TXEN = 1;
   235  00007A  8AAC               	bsf	4012,5,c	;volatile
   236                           
   237                           ;user.c: 43:     RCSTA1bits.RX9 = 0;
   238  00007C  9CAB               	bcf	4011,6,c	;volatile
   239                           
   240                           ;user.c: 44:     RCSTA1bits.CREN = 1;
   241  00007E  88AB               	bsf	4011,4,c	;volatile
   242                           
   243                           ;user.c: 45:     RCSTA1bits.SPEN = 1;
   244  000080  8EAB               	bsf	4011,7,c	;volatile
   245                           
   246                           ;user.c: 48:     BAUDCONbits.BRG16 = 0;
   247  000082  96AA               	bcf	4010,3,c	;volatile
   248                           
   249                           ;user.c: 49:     TXSTA1bits.BRGH = 0;
   250  000084  94AC               	bcf	4012,2,c	;volatile
   251                           
   252                           ;user.c: 50:     SPBRG1 = 51;
   253  000086  0E33               	movlw	51
   254  000088  6EAF               	movwf	4015,c	;volatile
   255  00008A  0012               	return		;funcret
   256  00008C                     __end_of_InitApp:
   257                           	opt callstack 0
   258                           
   259 ;; *************** function _ConfigureOscillator *****************
   260 ;; Defined at:
   261 ;;		line 24 in file "system.c"
   262 ;; Parameters:    Size  Location     Type
   263 ;;		None
   264 ;; Auto vars:     Size  Location     Type
   265 ;;		None
   266 ;; Return value:  Size  Location     Type
   267 ;;                  1    wreg      void 
   268 ;; Registers used:
   269 ;;		wreg, status,2
   270 ;; Tracked objects:
   271 ;;		On entry : 0/0
   272 ;;		On exit  : 0/0
   273 ;;		Unchanged: 0/0
   274 ;; Data sizes:     COMRAM   BANK0   BANK1   BANK2
   275 ;;      Params:         0       0       0       0
   276 ;;      Locals:         0       0       0       0
   277 ;;      Temps:          0       0       0       0
   278 ;;      Totals:         0       0       0       0
   279 ;;Total ram usage:        0 bytes
   280 ;; Hardware stack levels used:    1
   281 ;; Hardware stack levels required when called:    2
   282 ;; This function calls:
   283 ;;		Nothing
   284 ;; This function is called by:
   285 ;;		_main
   286 ;; This function uses a non-reentrant model
   287 ;;
   288                           
   289                           	psect	text2
   290  000096                     __ptext2:
   291                           	opt callstack 0
   292  000096                     _ConfigureOscillator:
   293                           	opt callstack 28
   294                           
   295                           ;system.c: 31:     OSCCONbits.IRCF = 0b111;
   296                           
   297                           ;incstack = 0
   298  000096  0E70               	movlw	112
   299  000098  12D3               	iorwf	4051,f,c	;volatile
   300  00009A                     l727:
   301  00009A  50D3               	movf	4051,w,c	;volatile
   302  00009C  D7FE               	goto	l727
   303  00009E                     __end_of_ConfigureOscillator:
   304                           	opt callstack 0
   305                           
   306 ;; *************** function _low_isr *****************
   307 ;; Defined at:
   308 ;;		line 67 in file "interrupts.c"
   309 ;; Parameters:    Size  Location     Type
   310 ;;		None
   311 ;; Auto vars:     Size  Location     Type
   312 ;;		None
   313 ;; Return value:  Size  Location     Type
   314 ;;                  1    wreg      void 
   315 ;; Registers used:
   316 ;;		None
   317 ;; Tracked objects:
   318 ;;		On entry : 0/0
   319 ;;		On exit  : 0/0
   320 ;;		Unchanged: 0/0
   321 ;; Data sizes:     COMRAM   BANK0   BANK1   BANK2
   322 ;;      Params:         0       0       0       0
   323 ;;      Locals:         0       0       0       0
   324 ;;      Temps:          1       0       0       0
   325 ;;      Totals:         1       0       0       0
   326 ;;Total ram usage:        1 bytes
   327 ;; Hardware stack levels used:    1
   328 ;; Hardware stack levels required when called:    1
   329 ;; This function calls:
   330 ;;		Nothing
   331 ;; This function is called by:
   332 ;;		Interrupt level 1
   333 ;; This function uses a non-reentrant model
   334 ;;
   335                           
   336                           	psect	intcodelo
   337  000018                     __pintcodelo:
   338                           	opt callstack 0
   339  000018                     _low_isr:
   340                           	opt callstack 28
   341                           
   342                           ;incstack = 0
   343  000018  8004               	bsf	btemp,0,c	;set compiler interrupt flag (level 1)
   344  00001A  CFE0 F001          	movff	bsr,??_low_isr
   345  00001E  C001  FFE0         	movff	??_low_isr,bsr
   346  000022  9004               	bcf	btemp,0,c	;clear compiler interrupt flag (level 1)
   347  000024  0010               	retfie	
   348  000026                     __end_of_low_isr:
   349                           	opt callstack 0
   350                           
   351 ;; *************** function _high_isr *****************
   352 ;; Defined at:
   353 ;;		line 27 in file "interrupts.c"
   354 ;; Parameters:    Size  Location     Type
   355 ;;		None
   356 ;; Auto vars:     Size  Location     Type
   357 ;;		None
   358 ;; Return value:  Size  Location     Type
   359 ;;                  1    wreg      void 
   360 ;; Registers used:
   361 ;;		None
   362 ;; Tracked objects:
   363 ;;		On entry : 0/0
   364 ;;		On exit  : 0/0
   365 ;;		Unchanged: 0/0
   366 ;; Data sizes:     COMRAM   BANK0   BANK1   BANK2
   367 ;;      Params:         0       0       0       0
   368 ;;      Locals:         0       0       0       0
   369 ;;      Temps:          0       0       0       0
   370 ;;      Totals:         0       0       0       0
   371 ;;Total ram usage:        0 bytes
   372 ;; Hardware stack levels used:    1
   373 ;; This function calls:
   374 ;;		Nothing
   375 ;; This function is called by:
   376 ;;		Interrupt level 2
   377 ;; This function uses a non-reentrant model
   378 ;;
   379                           
   380                           	psect	intcode
   381  000008                     __pintcode:
   382                           	opt callstack 0
   383  000008                     _high_isr:
   384                           	opt callstack 28
   385                           
   386                           ;incstack = 0
   387  000008  8204               	bsf	btemp,1,c	;set compiler interrupt flag (level 2)
   388  00000A  EF4F  F000         	goto	int_func
   389                           
   390                           	psect	intcode_body
   391  00009E                     __pintcode_body:
   392                           	opt callstack 28
   393  00009E                     int_func:
   394                           	opt callstack 28
   395  00009E  9204               	bcf	btemp,1,c	;clear compiler interrupt flag (level 2)
   396  0000A0  0011               	retfie		f
   397  0000A2                     __end_of_high_isr:
   398                           	opt callstack 0
   399  0000                     
   400                           	psect	rparam
   401  0000                     
   402                           	psect	temp
   403  000004                     btemp:
   404                           	opt callstack 0
   405  000004                     	ds	1
   406  0000                     int$flags	set	btemp
   407  0000                     wtemp8	set	btemp+1
   408  0000                     ttemp5	set	btemp+1
   409  0000                     ttemp6	set	btemp+4
   410  0000                     ttemp7	set	btemp+8
   411                           tosu	equ	0xFFF
   412                           tosh	equ	0xFFE
   413                           tosl	equ	0xFFD
   414                           stkptr	equ	0xFFC
   415                           pclatu	equ	0xFFB
   416                           pclath	equ	0xFFA
   417                           pcl	equ	0xFF9
   418                           tblptru	equ	0xFF8
   419                           tblptrh	equ	0xFF7
   420                           tblptrl	equ	0xFF6
   421                           tablat	equ	0xFF5
   422                           prodh	equ	0xFF4
   423                           prodl	equ	0xFF3
   424                           indf0	equ	0xFEF
   425                           postinc0	equ	0xFEE
   426                           postdec0	equ	0xFED
   427                           preinc0	equ	0xFEC
   428                           plusw0	equ	0xFEB
   429                           fsr0h	equ	0xFEA
   430                           fsr0l	equ	0xFE9
   431                           wreg	equ	0xFE8
   432                           indf1	equ	0xFE7
   433                           postinc1	equ	0xFE6
   434                           postdec1	equ	0xFE5
   435                           preinc1	equ	0xFE4
   436                           plusw1	equ	0xFE3
   437                           fsr1h	equ	0xFE2
   438                           fsr1l	equ	0xFE1
   439                           bsr	equ	0xFE0
   440                           indf2	equ	0xFDF
   441                           postinc2	equ	0xFDE
   442                           postdec2	equ	0xFDD
   443                           preinc2	equ	0xFDC
   444                           plusw2	equ	0xFDB
   445                           fsr2h	equ	0xFDA
   446                           fsr2l	equ	0xFD9
   447                           status	equ	0xFD8


Data Sizes:
    Strings     0
    Constant    0
    Data        0
    BSS         0
    Persistent  0
    Stack       0

Auto Spaces:
    Space          Size  Autos    Used
    COMRAM           94      3       3
    BANK0           160      0       0
    BANK1           256      0       0
    BANK2           239      0       0

Pointer List with Targets:

    None.

Critical Paths under _main in COMRAM

    None.

Critical Paths under _low_isr in COMRAM

    None.

Critical Paths under _high_isr in COMRAM

    None.

Critical Paths under _main in BANK0

    None.

Critical Paths under _low_isr in BANK0

    None.

Critical Paths under _high_isr in BANK0

    None.

Critical Paths under _main in BANK1

    None.

Critical Paths under _low_isr in BANK1

    None.

Critical Paths under _high_isr in BANK1

    None.

Critical Paths under _main in BANK2

    None.

Critical Paths under _low_isr in BANK2

    None.

Critical Paths under _high_isr in BANK2

    None.

Call Graph Tables:

 ---------------------------------------------------------------------------------
 (Depth) Function   	        Calls       Base Space   Used Autos Params    Refs
 ---------------------------------------------------------------------------------
 (0) _main                                                 2     2      0       0
                                              1 COMRAM     2     2      0
                _ConfigureOscillator
                            _InitApp
 ---------------------------------------------------------------------------------
 (1) _InitApp                                              0     0      0       0
 ---------------------------------------------------------------------------------
 (1) _ConfigureOscillator                                  0     0      0       0
 ---------------------------------------------------------------------------------
 Estimated maximum stack depth 1
 ---------------------------------------------------------------------------------
 (Depth) Function   	        Calls       Base Space   Used Autos Params    Refs
 ---------------------------------------------------------------------------------
 (2) _low_isr                                              1     1      0       0
                                              0 COMRAM     1     1      0
 ---------------------------------------------------------------------------------
 Estimated maximum stack depth 2
 ---------------------------------------------------------------------------------
 (Depth) Function   	        Calls       Base Space   Used Autos Params    Refs
 ---------------------------------------------------------------------------------
 (3) _high_isr                                             0     0      0       0
 ---------------------------------------------------------------------------------
 Estimated maximum stack depth 3
 ---------------------------------------------------------------------------------

 Call Graph Graphs:

 _main (ROOT)
   _ConfigureOscillator
   _InitApp

 _low_isr (ROOT)

 _high_isr (ROOT)

 Address spaces:
Name               Size   Autos  Total    Cost      Usage
BITCOMRAM           5E      0       0       0        0.0%
EEDATA             100      0       0       0        0.0%
NULL                 0      0       0       0        0.0%
CODE                 0      0       0       0        0.0%
COMRAM              5E      3       3       1        3.2%
STACK                0      0       0       2        0.0%
BITBANK0            A0      0       0       3        0.0%
BANK0               A0      0       0       4        0.0%
ABS                  0      0       0       5        0.0%
BITBANK1           100      0       0       6        0.0%
BANK1              100      0       0       7        0.0%
BITBANK2            EF      0       0       8        0.0%
BANK2               EF      0       0       9        0.0%
BIGRAM             2EE      0       0      10        0.0%
DATA                 0      0       0      11        0.0%
BITSFR_5             0      0       0     200        0.0%
SFR_5                0      0       0     200        0.0%
BITSFR_4             0      0       0     200        0.0%
SFR_4                0      0       0     200        0.0%
BITSFR_3             0      0       0     200        0.0%
SFR_3                0      0       0     200        0.0%
BITSFR_2             0      0       0     200        0.0%
SFR_2                0      0       0     200        0.0%
BITSFR_1             0      0       0     200        0.0%
SFR_1                0      0       0     200        0.0%
BITSFR               0      0       0     200        0.0%
SFR                  0      0       0     200        0.0%


Microchip Technology PIC18 Macro Assembler V2.05 build -831301201 
Symbol Table                                                                                   Sat Mar 30 22:34:48 2019

                          u17 003E                            u27 005C                            bsr 000FE0  
                __CFG_CP0$OFF 000000                  __CFG_CP1$OFF 000000                  __CFG_CP2$OFF 000000  
                __CFG_CP3$OFF 000000                           l727 009A                           l735 0032  
                __CFG_CPB$OFF 000000                  __CFG_CPD$OFF 000000                           wreg 000FE8  
                  _TXSTA1bits 000FAC                  __CFG_IESO$ON 000000                  __CFG_LVP$OFF 000000  
               __CFG_FCMEN$ON 000000                          _main 002A                          btemp 0004  
               __CFG_BOREN$ON 000000                          start 0026                 __CFG_MCLRE$ON 000000  
                ___param_bank 000000               __end_of_InitApp 008C                         ?_main 0001  
         _ConfigureOscillator 0096                 __CFG_WRT0$OFF 000000                 __CFG_WRT1$OFF 000000  
               __CFG_WRT2$OFF 000000                 __CFG_WRT3$OFF 000000                __CFG_EBTR0$OFF 000000  
              __CFG_EBTR1$OFF 000000                __CFG_EBTR2$OFF 000000                __CFG_EBTR3$OFF 000000  
               __CFG_WRTB$OFF 000000                 __CFG_WRTC$OFF 000000                 __CFG_WRTD$OFF 000000  
              __CFG_EBTRB$OFF 000000               __end_of_low_isr 0026                         ttemp5 0005  
                       ttemp6 0008                         ttemp7 000C                         wtemp8 0005  
        ?_ConfigureOscillator 0001               __initialization 008C                __CFG_HPOL$HIGH 000000  
                __end_of_main 0070                __CFG_OSC$HSPLL 000000                __CFG_LPOL$HIGH 000000  
                      ??_main 0002                 __activetblptr 000000                __CFG_WDTEN$OFF 000000  
                      _SPBRG1 000FAF                __CFG_WINEN$OFF 000000                     ??_InitApp 0002  
       ??_ConfigureOscillator 0002                __CFG_SSPMX$RC7 000000              __end_of_high_isr 00A2  
              __CFG_STVREN$ON 000000                     ??_low_isr 0001                    __accesstop 0060  
     __end_of__initialization 008C               __CFG_FLTAMX$RC1 000000                 ___rparam_used 000001  
             __CFG_T1OSCMX$ON 000000                __pcstackCOMRAM 0001               __CFG_WDPS$32768 000000  
             __CFG_PWM4MX$RB5 000000                     ?_high_isr 0001               __CFG_PWMPIN$OFF 000000  
                     _InitApp 0070               __CFG_PWRTEN$OFF 000000                       __Hparam 0000  
                     __Lparam 0000                       __pcinit 008C                       __ramtop 0300  
                     __ptext0 002A                       __ptext1 0070                       __ptext2 0096  
                     _low_isr 0018                    ??_high_isr 0001                __pintcode_body 009E  
        end_of_initialization 008C                       int_func 009E                     _PORTBbits 000F81  
                   _TRISBbits 000F93                     _TRISCbits 000F94   __end_of_ConfigureOscillator 009E  
            __CFG_EXCLKMX$RC3 000000                   _BAUDCONbits 000FAA           start_initialization 008C  
           __size_of_high_isr 009A                      ?_InitApp 0001                     __pintcode 0008  
                 __pintcodelo 0018                      ?_low_isr 0001              __size_of_InitApp 001C  
                    __Hrparam 0000                      __Lrparam 0000              __size_of_low_isr 000E  
                    _high_isr 0008                 __size_of_main 0046  __size_of_ConfigureOscillator 0008  
                    int$flags 0004                      intlevel1 0000                      intlevel2 0000  
                  _RCSTA1bits 000FAB                    _OSCCONbits 000FD3  
