

Microchip MPLAB XC8 Assembler V2.05 build -831301201 
                                                                                               Mon Mar 11 00:19:43 2019

Microchip MPLAB XC8 C Compiler v2.05 (Free license) build 20181220022703 Og1 
     1                           	processor	18F4431
     2                           	fnconf	rparam,??,?,0
     3                           	opt	pw 120
     4                           	opt	flic
     5                           	psect	cinit,global,reloc=2,class=CODE,delta=1
     6                           	psect	cstackCOMRAM,global,class=COMRAM,space=1,delta=1,noexec
     7                           	psect	text0,global,reloc=2,class=CODE,delta=1
     8                           	psect	text1,global,reloc=2,class=CODE,delta=1
     9                           	psect	text2,global,reloc=2,class=CODE,delta=1
    10                           	psect	intcodelo,global,reloc=2,class=CODE,delta=1
    11                           	psect	intcode,global,reloc=2,class=CODE,delta=1
    12                           	psect	intcode_body,global,reloc=2,class=CODE,delta=1
    13                           	psect	intsave_regs,global,class=BIGRAM,space=1,delta=1,noexec
    14                           	psect	rparam,global,class=COMRAM,space=1,delta=1,noexec
    15                           	psect	temp,global,ovrld,common,class=COMRAM,space=1,delta=1
    16  0000                     
    17                           ; Version 2.05
    18                           ; Generated 20/12/2018 GMT
    19                           ; 
    20                           ; Copyright © 2018, Microchip Technology Inc. and its subsidiaries ("Microchip")
    21                           ; All rights reserved.
    22                           ; 
    23                           ; This software is developed by Microchip Technology Inc. and its subsidiaries ("Microch
      +                          ip").
    24                           ; 
    25                           ; Redistribution and use in source and binary forms, with or without modification, are
    26                           ; permitted provided that the following conditions are met:
    27                           ; 
    28                           ;     1. Redistributions of source code must retain the above copyright notice, this lis
      +                          t of
    29                           ;        conditions and the following disclaimer.
    30                           ; 
    31                           ;     2. Redistributions in binary form must reproduce the above copyright notice, this 
      +                          list
    32                           ;        of conditions and the following disclaimer in the documentation and/or other
    33                           ;        materials provided with the distribution.
    34                           ; 
    35                           ;     3. Microchip's name may not be used to endorse or promote products derived from th
      +                          is
    36                           ;        software without specific prior written permission.
    37                           ; 
    38                           ; THIS SOFTWARE IS PROVIDED BY MICROCHIP "AS IS" AND ANY EXPRESS OR IMPLIED WARRANTIES,
    39                           ; INCLUDING, BUT NOT LIMITED TO, THE IMPLIED WARRANTIES OF MERCHANTABILITY AND FITNESS F
      +                          OR
    40                           ; PURPOSE ARE DISCLAIMED.  IN NO EVENT SHALL MICROCHIP BE LIABLE FOR ANY DIRECT, INDIREC
      +                          T,
    41                           ; INCIDENTAL, SPECIAL, EXEMPLARY, OR CONSEQUENTIAL DAMAGES (INCLUDING BUT NOT LIMITED TO
    42                           ; PROCUREMENT OF SUBSTITUTE GOODS OR SERVICES; LOSS OF USE, DATA OR PROFITS; OR BUSINESS
    43                           ; INTERRUPTION) HOWSOEVER CAUSED AND ON ANY THEORY OF LIABILITY, WHETHER IN CONTRACT, ST
      +                          RICT
    44                           ; LIABILITY, OR TORT (INCLUDING NEGLIGENCE OR OTHERWISE) ARISING IN ANY WAY OUT OF THE U
      +                          SE OF
    45                           ; THIS SOFTWARE, EVEN IF ADVISED OF THE POSSIBILITY OF SUCH DAMAGE.
    46                           ; 
    47                           ; 
    48                           ; Code-generator required, PIC18F4431 Definitions
    49                           ; 
    50                           ; SFR Addresses
    51  0000                     _TRISBbits	set	3987
    52  0000                     _PORTBbits	set	3969
    53  0000                     _OSCCONbits	set	4051
    54                           
    55                           ; #config settings
    56  0000                     
    57                           	psect	cinit
    58  000068                     __pcinit:
    59                           	opt callstack 0
    60  000068                     start_initialization:
    61                           	opt callstack 0
    62  000068                     __initialization:
    63                           	opt callstack 0
    64  000068                     end_of_initialization:
    65                           	opt callstack 0
    66  000068                     __end_of__initialization:
    67                           	opt callstack 0
    68  000068  9004               	bcf	int$flags,0,c	;clear compiler interrupt flag (level 1)
    69  00006A  9204               	bcf	int$flags,1,c	;clear compiler interrupt flag (level 2)
    70  00006C  0100               	movlb	0
    71  00006E  EF15  F000         	goto	_main	;jump to C main() function
    72                           
    73                           	psect	cstackCOMRAM
    74  000001                     __pcstackCOMRAM:
    75                           	opt callstack 0
    76  000001                     ??_low_isr:
    77  000001                     
    78                           ; 1 bytes @ 0x0
    79  000001                     	ds	1
    80  000002                     ??_main:
    81                           
    82                           ; 1 bytes @ 0x1
    83  000002                     	ds	2
    84                           
    85 ;;
    86 ;;Main: autosize = 0, tempsize = 2, incstack = 0, save=0
    87 ;;
    88 ;; *************** function _main *****************
    89 ;; Defined at:
    90 ;;		line 34 in file "main.c"
    91 ;; Parameters:    Size  Location     Type
    92 ;;		None
    93 ;; Auto vars:     Size  Location     Type
    94 ;;		None
    95 ;; Return value:  Size  Location     Type
    96 ;;                  1    wreg      void 
    97 ;; Registers used:
    98 ;;		wreg, status,2, cstack
    99 ;; Tracked objects:
   100 ;;		On entry : 0/0
   101 ;;		On exit  : 0/0
   102 ;;		Unchanged: 0/0
   103 ;; Data sizes:     COMRAM   BANK0   BANK1   BANK2
   104 ;;      Params:         0       0       0       0
   105 ;;      Locals:         0       0       0       0
   106 ;;      Temps:          2       0       0       0
   107 ;;      Totals:         2       0       0       0
   108 ;;Total ram usage:        2 bytes
   109 ;; Hardware stack levels required when called:    3
   110 ;; This function calls:
   111 ;;		_ConfigureOscillator
   112 ;;		_InitApp
   113 ;; This function is called by:
   114 ;;		Startup code after reset
   115 ;; This function uses a non-reentrant model
   116 ;;
   117                           
   118                           	psect	text0
   119  00002A                     __ptext0:
   120                           	opt callstack 0
   121  00002A                     _main:
   122                           	opt callstack 28
   123                           
   124                           ;main.c: 37:     ConfigureOscillator();
   125                           
   126                           ;incstack = 0
   127  00002A  EC39  F000         	call	_ConfigureOscillator	;wreg free
   128                           
   129                           ;main.c: 40:     InitApp();
   130  00002E  EC3C  F000         	call	_InitApp	;wreg free
   131  000032                     l720:
   132                           
   133                           ;main.c: 46:     {;main.c: 47:         PORTBbits.RB0 = 1;
   134  000032  8081               	bsf	3969,0,c	;volatile
   135                           
   136                           ;main.c: 48:         _delaywdt((unsigned long)((100)*(8000000L/4000.0)));
   137  000034  0E01               	movlw	1
   138  000036  6E03               	movwf	(??_main+1)& (0+255),c
   139  000038  0EC3               	movlw	195
   140  00003A  6E02               	movwf	??_main& (0+255),c
   141  00003C  0EED               	movlw	237
   142  00003E                     u17:
   143  00003E  0004               	clrwdt	
   144  000040  2EE8               	decfsz	wreg,f,c
   145  000042  D7FD               	bra	u17
   146  000044  2E02               	decfsz	??_main& (0+255),f,c
   147  000046  D7FB               	bra	u17
   148  000048  2E03               	decfsz	(??_main+1)& (0+255),f,c
   149  00004A  D7F9               	bra	u17
   150                           
   151                           ;main.c: 49:         PORTBbits.RB0 = 0;
   152  00004C  9081               	bcf	3969,0,c	;volatile
   153                           
   154                           ;main.c: 50:         _delaywdt((unsigned long)((100)*(8000000L/4000.0)));
   155  00004E  0E01               	movlw	1
   156  000050  6E03               	movwf	(??_main+1)& (0+255),c
   157  000052  0EC3               	movlw	195
   158  000054  6E02               	movwf	??_main& (0+255),c
   159  000056  0EED               	movlw	237
   160  000058                     u27:
   161  000058  0004               	clrwdt	
   162  00005A  2EE8               	decfsz	wreg,f,c
   163  00005C  D7FD               	bra	u27
   164  00005E  2E02               	decfsz	??_main& (0+255),f,c
   165  000060  D7FB               	bra	u27
   166  000062  2E03               	decfsz	(??_main+1)& (0+255),f,c
   167  000064  D7F9               	bra	u27
   168  000066  D7E5               	goto	l720
   169  000068                     __end_of_main:
   170                           	opt callstack 0
   171                           
   172 ;; *************** function _InitApp *****************
   173 ;; Defined at:
   174 ;;		line 28 in file "user.c"
   175 ;; Parameters:    Size  Location     Type
   176 ;;		None
   177 ;; Auto vars:     Size  Location     Type
   178 ;;		None
   179 ;; Return value:  Size  Location     Type
   180 ;;                  1    wreg      void 
   181 ;; Registers used:
   182 ;;		None
   183 ;; Tracked objects:
   184 ;;		On entry : 0/0
   185 ;;		On exit  : 0/0
   186 ;;		Unchanged: 0/0
   187 ;; Data sizes:     COMRAM   BANK0   BANK1   BANK2
   188 ;;      Params:         0       0       0       0
   189 ;;      Locals:         0       0       0       0
   190 ;;      Temps:          0       0       0       0
   191 ;;      Totals:         0       0       0       0
   192 ;;Total ram usage:        0 bytes
   193 ;; Hardware stack levels used:    1
   194 ;; Hardware stack levels required when called:    2
   195 ;; This function calls:
   196 ;;		Nothing
   197 ;; This function is called by:
   198 ;;		_main
   199 ;; This function uses a non-reentrant model
   200 ;;
   201                           
   202                           	psect	text1
   203  000078                     __ptext1:
   204                           	opt callstack 0
   205  000078                     _InitApp:
   206                           	opt callstack 28
   207                           
   208                           ;user.c: 33:     TRISBbits.TRISB0 = 0;
   209                           
   210                           ;incstack = 0
   211  000078  9093               	bcf	3987,0,c	;volatile
   212  00007A  0012               	return		;funcret
   213  00007C                     __end_of_InitApp:
   214                           	opt callstack 0
   215                           
   216 ;; *************** function _ConfigureOscillator *****************
   217 ;; Defined at:
   218 ;;		line 24 in file "system.c"
   219 ;; Parameters:    Size  Location     Type
   220 ;;		None
   221 ;; Auto vars:     Size  Location     Type
   222 ;;		None
   223 ;; Return value:  Size  Location     Type
   224 ;;                  1    wreg      void 
   225 ;; Registers used:
   226 ;;		wreg, status,2
   227 ;; Tracked objects:
   228 ;;		On entry : 0/0
   229 ;;		On exit  : 0/0
   230 ;;		Unchanged: 0/0
   231 ;; Data sizes:     COMRAM   BANK0   BANK1   BANK2
   232 ;;      Params:         0       0       0       0
   233 ;;      Locals:         0       0       0       0
   234 ;;      Temps:          0       0       0       0
   235 ;;      Totals:         0       0       0       0
   236 ;;Total ram usage:        0 bytes
   237 ;; Hardware stack levels used:    1
   238 ;; Hardware stack levels required when called:    2
   239 ;; This function calls:
   240 ;;		Nothing
   241 ;; This function is called by:
   242 ;;		_main
   243 ;; This function uses a non-reentrant model
   244 ;;
   245                           
   246                           	psect	text2
   247  000072                     __ptext2:
   248                           	opt callstack 0
   249  000072                     _ConfigureOscillator:
   250                           	opt callstack 28
   251                           
   252                           ;system.c: 31:     OSCCONbits.IRCF = 0b111;
   253                           
   254                           ;incstack = 0
   255  000072  0E70               	movlw	112
   256  000074  12D3               	iorwf	4051,f,c	;volatile
   257  000076  0012               	return		;funcret
   258  000078                     __end_of_ConfigureOscillator:
   259                           	opt callstack 0
   260                           
   261 ;; *************** function _low_isr *****************
   262 ;; Defined at:
   263 ;;		line 67 in file "interrupts.c"
   264 ;; Parameters:    Size  Location     Type
   265 ;;		None
   266 ;; Auto vars:     Size  Location     Type
   267 ;;		None
   268 ;; Return value:  Size  Location     Type
   269 ;;                  1    wreg      void 
   270 ;; Registers used:
   271 ;;		None
   272 ;; Tracked objects:
   273 ;;		On entry : 0/0
   274 ;;		On exit  : 0/0
   275 ;;		Unchanged: 0/0
   276 ;; Data sizes:     COMRAM   BANK0   BANK1   BANK2
   277 ;;      Params:         0       0       0       0
   278 ;;      Locals:         0       0       0       0
   279 ;;      Temps:          1       0       0       0
   280 ;;      Totals:         1       0       0       0
   281 ;;Total ram usage:        1 bytes
   282 ;; Hardware stack levels used:    1
   283 ;; Hardware stack levels required when called:    1
   284 ;; This function calls:
   285 ;;		Nothing
   286 ;; This function is called by:
   287 ;;		Interrupt level 1
   288 ;; This function uses a non-reentrant model
   289 ;;
   290                           
   291                           	psect	intcodelo
   292  000018                     __pintcodelo:
   293                           	opt callstack 0
   294  000018                     _low_isr:
   295                           	opt callstack 28
   296                           
   297                           ;incstack = 0
   298  000018  8004               	bsf	btemp,0,c	;set compiler interrupt flag (level 1)
   299  00001A  CFE0 F001          	movff	bsr,??_low_isr
   300  00001E  C001  FFE0         	movff	??_low_isr,bsr
   301  000022  9004               	bcf	btemp,0,c	;clear compiler interrupt flag (level 1)
   302  000024  0010               	retfie	
   303  000026                     __end_of_low_isr:
   304                           	opt callstack 0
   305                           
   306 ;; *************** function _high_isr *****************
   307 ;; Defined at:
   308 ;;		line 27 in file "interrupts.c"
   309 ;; Parameters:    Size  Location     Type
   310 ;;		None
   311 ;; Auto vars:     Size  Location     Type
   312 ;;		None
   313 ;; Return value:  Size  Location     Type
   314 ;;                  1    wreg      void 
   315 ;; Registers used:
   316 ;;		None
   317 ;; Tracked objects:
   318 ;;		On entry : 0/0
   319 ;;		On exit  : 0/0
   320 ;;		Unchanged: 0/0
   321 ;; Data sizes:     COMRAM   BANK0   BANK1   BANK2
   322 ;;      Params:         0       0       0       0
   323 ;;      Locals:         0       0       0       0
   324 ;;      Temps:          0       0       0       0
   325 ;;      Totals:         0       0       0       0
   326 ;;Total ram usage:        0 bytes
   327 ;; Hardware stack levels used:    1
   328 ;; This function calls:
   329 ;;		Nothing
   330 ;; This function is called by:
   331 ;;		Interrupt level 2
   332 ;; This function uses a non-reentrant model
   333 ;;
   334                           
   335                           	psect	intcode
   336  000008                     __pintcode:
   337                           	opt callstack 0
   338  000008                     _high_isr:
   339                           	opt callstack 28
   340                           
   341                           ;incstack = 0
   342  000008  8204               	bsf	btemp,1,c	;set compiler interrupt flag (level 2)
   343  00000A  EF3E  F000         	goto	int_func
   344                           
   345                           	psect	intcode_body
   346  00007C                     __pintcode_body:
   347                           	opt callstack 28
   348  00007C                     int_func:
   349                           	opt callstack 28
   350  00007C  9204               	bcf	btemp,1,c	;clear compiler interrupt flag (level 2)
   351  00007E  0011               	retfie		f
   352  000080                     __end_of_high_isr:
   353                           	opt callstack 0
   354  0000                     
   355                           	psect	rparam
   356  0000                     
   357                           	psect	temp
   358  000004                     btemp:
   359                           	opt callstack 0
   360  000004                     	ds	1
   361  0000                     int$flags	set	btemp
   362  0000                     wtemp8	set	btemp+1
   363  0000                     ttemp5	set	btemp+1
   364  0000                     ttemp6	set	btemp+4
   365  0000                     ttemp7	set	btemp+8
   366                           tosu	equ	0xFFF
   367                           tosh	equ	0xFFE
   368                           tosl	equ	0xFFD
   369                           stkptr	equ	0xFFC
   370                           pclatu	equ	0xFFB
   371                           pclath	equ	0xFFA
   372                           pcl	equ	0xFF9
   373                           tblptru	equ	0xFF8
   374                           tblptrh	equ	0xFF7
   375                           tblptrl	equ	0xFF6
   376                           tablat	equ	0xFF5
   377                           prodh	equ	0xFF4
   378                           prodl	equ	0xFF3
   379                           indf0	equ	0xFEF
   380                           postinc0	equ	0xFEE
   381                           postdec0	equ	0xFED
   382                           preinc0	equ	0xFEC
   383                           plusw0	equ	0xFEB
   384                           fsr0h	equ	0xFEA
   385                           fsr0l	equ	0xFE9
   386                           wreg	equ	0xFE8
   387                           indf1	equ	0xFE7
   388                           postinc1	equ	0xFE6
   389                           postdec1	equ	0xFE5
   390                           preinc1	equ	0xFE4
   391                           plusw1	equ	0xFE3
   392                           fsr1h	equ	0xFE2
   393                           fsr1l	equ	0xFE1
   394                           bsr	equ	0xFE0
   395                           indf2	equ	0xFDF
   396                           postinc2	equ	0xFDE
   397                           postdec2	equ	0xFDD
   398                           preinc2	equ	0xFDC
   399                           plusw2	equ	0xFDB
   400                           fsr2h	equ	0xFDA
   401                           fsr2l	equ	0xFD9
   402                           status	equ	0xFD8


Data Sizes:
    Strings     0
    Constant    0
    Data        0
    BSS         0
    Persistent  0
    Stack       0

Auto Spaces:
    Space          Size  Autos    Used
    COMRAM           94      3       3
    BANK0           160      0       0
    BANK1           256      0       0
    BANK2           239      0       0

Pointer List with Targets:

    None.

Critical Paths under _main in COMRAM

    None.

Critical Paths under _low_isr in COMRAM

    None.

Critical Paths under _high_isr in COMRAM

    None.

Critical Paths under _main in BANK0

    None.

Critical Paths under _low_isr in BANK0

    None.

Critical Paths under _high_isr in BANK0

    None.

Critical Paths under _main in BANK1

    None.

Critical Paths under _low_isr in BANK1

    None.

Critical Paths under _high_isr in BANK1

    None.

Critical Paths under _main in BANK2

    None.

Critical Paths under _low_isr in BANK2

    None.

Critical Paths under _high_isr in BANK2

    None.

Call Graph Tables:

 ---------------------------------------------------------------------------------
 (Depth) Function   	        Calls       Base Space   Used Autos Params    Refs
 ---------------------------------------------------------------------------------
 (0) _main                                                 2     2      0       0
                                              1 COMRAM     2     2      0
                _ConfigureOscillator
                            _InitApp
 ---------------------------------------------------------------------------------
 (1) _InitApp                                              0     0      0       0
 ---------------------------------------------------------------------------------
 (1) _ConfigureOscillator                                  0     0      0       0
 ---------------------------------------------------------------------------------
 Estimated maximum stack depth 1
 ---------------------------------------------------------------------------------
 (Depth) Function   	        Calls       Base Space   Used Autos Params    Refs
 ---------------------------------------------------------------------------------
 (2) _low_isr                                              1     1      0       0
                                              0 COMRAM     1     1      0
 ---------------------------------------------------------------------------------
 Estimated maximum stack depth 2
 ---------------------------------------------------------------------------------
 (Depth) Function   	        Calls       Base Space   Used Autos Params    Refs
 ---------------------------------------------------------------------------------
 (3) _high_isr                                             0     0      0       0
 ---------------------------------------------------------------------------------
 Estimated maximum stack depth 3
 ---------------------------------------------------------------------------------

 Call Graph Graphs:

 _main (ROOT)
   _ConfigureOscillator
   _InitApp

 _low_isr (ROOT)

 _high_isr (ROOT)

 Address spaces:
Name               Size   Autos  Total    Cost      Usage
BITCOMRAM           5E      0       0       0        0.0%
EEDATA             100      0       0       0        0.0%
NULL                 0      0       0       0        0.0%
CODE                 0      0       0       0        0.0%
COMRAM              5E      3       3       1        3.2%
STACK                0      0       0       2        0.0%
BITBANK0            A0      0       0       3        0.0%
BANK0               A0      0       0       4        0.0%
ABS                  0      0       0       5        0.0%
BITBANK1           100      0       0       6        0.0%
BANK1              100      0       0       7        0.0%
BITBANK2            EF      0       0       8        0.0%
BANK2               EF      0       0       9        0.0%
BIGRAM             2EE      0       0      10        0.0%
DATA                 0      0       0      11        0.0%
BITSFR_5             0      0       0     200        0.0%
SFR_5                0      0       0     200        0.0%
BITSFR_4             0      0       0     200        0.0%
SFR_4                0      0       0     200        0.0%
BITSFR_3             0      0       0     200        0.0%
SFR_3                0      0       0     200        0.0%
BITSFR_2             0      0       0     200        0.0%
SFR_2                0      0       0     200        0.0%
BITSFR_1             0      0       0     200        0.0%
SFR_1                0      0       0     200        0.0%
BITSFR               0      0       0     200        0.0%
SFR                  0      0       0     200        0.0%


Microchip Technology PIC18 Macro Assembler V2.05 build -831301201 
Symbol Table                                                                                   Mon Mar 11 00:19:43 2019

                          u17 003E                            u27 0058                            bsr 000FE0  
                __CFG_CP0$OFF 000000                  __CFG_CP1$OFF 000000                  __CFG_CP2$OFF 000000  
                __CFG_CP3$OFF 000000                   __CFG_LVP$ON 000000                           l720 0032  
                __CFG_CPB$OFF 000000                  __CFG_CPD$OFF 000000                           wreg 000FE8  
                __CFG_IESO$ON 000000                 __CFG_FCMEN$ON 000000                          _main 002A  
                        btemp 0004                 __CFG_BOREN$ON 000000                          start 0026  
               __CFG_MCLRE$ON 000000                  ___param_bank 000000               __end_of_InitApp 007C  
                       ?_main 0001                 __CFG_WDTEN$ON 000000           _ConfigureOscillator 0072  
               __CFG_WRT0$OFF 000000                 __CFG_WRT1$OFF 000000                 __CFG_WRT2$OFF 000000  
               __CFG_WRT3$OFF 000000                __CFG_EBTR0$OFF 000000                __CFG_EBTR1$OFF 000000  
              __CFG_EBTR2$OFF 000000                __CFG_EBTR3$OFF 000000                 __CFG_WRTB$OFF 000000  
               __CFG_WRTC$OFF 000000                 __CFG_WRTD$OFF 000000                __CFG_EBTRB$OFF 000000  
             __end_of_low_isr 0026                         ttemp5 0005                         ttemp6 0008  
                       ttemp7 000C                         wtemp8 0005          ?_ConfigureOscillator 0001  
             __initialization 0068                __CFG_HPOL$HIGH 000000                  __end_of_main 0068  
              __CFG_OSC$IRCIO 000000                __CFG_LPOL$HIGH 000000                        ??_main 0002  
               __activetblptr 000000                __CFG_WINEN$OFF 000000                     ??_InitApp 0002  
       ??_ConfigureOscillator 0002                __CFG_SSPMX$RC7 000000              __end_of_high_isr 0080  
              __CFG_STVREN$ON 000000                     ??_low_isr 0001                    __accesstop 0060  
     __end_of__initialization 0068               __CFG_FLTAMX$RC1 000000                 ___rparam_used 000001  
             __CFG_T1OSCMX$ON 000000                __pcstackCOMRAM 0001               __CFG_WDPS$32768 000000  
             __CFG_PWM4MX$RB5 000000                     ?_high_isr 0001               __CFG_PWMPIN$OFF 000000  
                     _InitApp 0078               __CFG_PWRTEN$OFF 000000                       __Hparam 0000  
                     __Lparam 0000                       __pcinit 0068                       __ramtop 0300  
                     __ptext0 002A                       __ptext1 0078                       __ptext2 0072  
                     _low_isr 0018                    ??_high_isr 0001                __pintcode_body 007C  
        end_of_initialization 0068                       int_func 007C                     _PORTBbits 000F81  
                   _TRISBbits 000F93   __end_of_ConfigureOscillator 0078              __CFG_EXCLKMX$RC3 000000  
         start_initialization 0068             __size_of_high_isr 0078                      ?_InitApp 0001  
                   __pintcode 0008                   __pintcodelo 0018                      ?_low_isr 0001  
            __size_of_InitApp 0004                      __Hrparam 0000                      __Lrparam 0000  
            __size_of_low_isr 000E                      _high_isr 0008                 __size_of_main 003E  
__size_of_ConfigureOscillator 0006                      int$flags 0004                      intlevel1 0000  
                    intlevel2 0000                    _OSCCONbits 000FD3  
